# JRE version: Java(TM) SE Runtime Environment (8.0_91-b14) (build 1.8.0_91-b14)
# Java VM: Java HotSpot(TM) 64-Bit Server VM (25.91-b14 mixed mode linux-amd64 compressed oops)
Heap:
 PSYoungGen      total 231936K, used 23362K [0x00000000eab00000, 0x00000000fff00000, 0x0000000100000000)
  eden space 116736K, 0% used [0x00000000eab00000,0x00000000eab00000,0x00000000f1d00000)
  from space 115200K, 20% used [0x00000000f8e80000,0x00000000fa550b08,0x00000000fff00000)
  to   space 115712K, 0% used [0x00000000f1d00000,0x00000000f1d00000,0x00000000f8e00000)
 ParOldGen       total 336896K, used 336605K [0x00000000c0000000, 0x00000000d4900000, 0x00000000eab00000)
  object space 336896K, 99% used [0x00000000c0000000,0x00000000d48b74f8,0x00000000d4900000)
 Metaspace       used 6607K, capacity 7320K, committed 7680K, reserved 1056768K
  class space    used 617K, capacity 656K, committed 768K, reserved 1048576K
GC Heap History (10 events):
Event: 14,859 GC heap after
Heap after GC invocations=20 (full 4):
 PSYoungGen      total 239104K, used 54028K [0x00000000eab00000, 0x0000000100000000, 0x0000000100000000)
  eden space 167936K, 0% used [0x00000000eab00000,0x00000000eab00000,0x00000000f4f00000)
  from space 71168K, 75% used [0x00000000fba80000,0x00000000fef43070,0x0000000100000000)
  to   space 90624K, 0% used [0x00000000f4f00000,0x00000000f4f00000,0x00000000fa780000)
 ParOldGen       total 336896K, used 222377K [0x00000000c0000000, 0x00000000d4900000, 0x00000000eab00000)
  object space 336896K, 66% used [0x00000000c0000000,0x00000000cd92a548,0x00000000d4900000)
 Metaspace       used 6599K, capacity 7320K, committed 7680K, reserved 1056768K
  class space    used 616K, capacity 656K, committed 768K, reserved 1048576K
}
Event: 15,612 GC heap before
{Heap before GC invocations=21 (full 4):
 PSYoungGen      total 239104K, used 221964K [0x00000000eab00000, 0x0000000100000000, 0x0000000100000000)
  eden space 167936K, 100% used [0x00000000eab00000,0x00000000f4f00000,0x00000000f4f00000)
  from space 71168K, 75% used [0x00000000fba80000,0x00000000fef43070,0x0000000100000000)
  to   space 90624K, 0% used [0x00000000f4f00000,0x00000000f4f00000,0x00000000fa780000)
 ParOldGen       total 336896K, used 222377K [0x00000000c0000000, 0x00000000d4900000, 0x00000000eab00000)
  object space 336896K, 66% used [0x00000000c0000000,0x00000000cd92a548,0x00000000d4900000)
 Metaspace       used 6606K, capacity 7320K, committed 7680K, reserved 1056768K
  class space    used 617K, capacity 656K, committed 768K, reserved 1048576K
Event: 15,758 GC heap after
Heap after GC invocations=21 (full 4):
 PSYoungGen      total 249344K, used 81167K [0x00000000eab00000, 0x0000000100000000, 0x0000000100000000)
  eden space 167936K, 0% used [0x00000000eab00000,0x00000000eab00000,0x00000000f4f00000)
  from space 81408K, 99% used [0x00000000f4f00000,0x00000000f9e43d68,0x00000000f9e80000)
  to   space 99840K, 0% used [0x00000000f9e80000,0x00000000f9e80000,0x0000000100000000)
 ParOldGen       total 336896K, used 222385K [0x00000000c0000000, 0x00000000d4900000, 0x00000000eab00000)
  object space 336896K, 66% used [0x00000000c0000000,0x00000000cd92c548,0x00000000d4900000)
 Metaspace       used 6606K, capacity 7320K, committed 7680K, reserved 1056768K
  class space    used 617K, capacity 656K, committed 768K, reserved 1048576K
}
Event: 16,220 GC heap before
{Heap before GC invocations=22 (full 4):
 PSYoungGen      total 249344K, used 249103K [0x00000000eab00000, 0x0000000100000000, 0x0000000100000000)
  eden space 167936K, 100% used [0x00000000eab00000,0x00000000f4f00000,0x00000000f4f00000)
  from space 81408K, 99% used [0x00000000f4f00000,0x00000000f9e43d68,0x00000000f9e80000)
  to   space 99840K, 0% used [0x00000000f9e80000,0x00000000f9e80000,0x0000000100000000)
 ParOldGen       total 336896K, used 222385K [0x00000000c0000000, 0x00000000d4900000, 0x00000000eab00000)
  object space 336896K, 66% used [0x00000000c0000000,0x00000000cd92c548,0x00000000d4900000)
 Metaspace       used 6606K, capacity 7320K, committed 7680K, reserved 1056768K
  class space    used 617K, capacity 656K, committed 768K, reserved 1048576K
Event: 16,364 GC heap after
Heap after GC invocations=22 (full 4):
 PSYoungGen      total 216576K, used 99808K [0x00000000eab00000, 0x0000000100000000, 0x0000000100000000)
  eden space 116736K, 0% used [0x00000000eab00000,0x00000000eab00000,0x00000000f1d00000)
  from space 99840K, 99% used [0x00000000f9e80000,0x00000000ffff8110,0x0000000100000000)
  to   space 116224K, 0% used [0x00000000f1d00000,0x00000000f1d00000,0x00000000f8e80000)
 ParOldGen       total 336896K, used 226299K [0x00000000c0000000, 0x00000000d4900000, 0x00000000eab00000)
  object space 336896K, 67% used [0x00000000c0000000,0x00000000cdcfee60,0x00000000d4900000)
 Metaspace       used 6606K, capacity 7320K, committed 7680K, reserved 1056768K
  class space    used 617K, capacity 656K, committed 768K, reserved 1048576K
}
Event: 16,769 GC heap before
{Heap before GC invocations=23 (full 4):
 PSYoungGen      total 216576K, used 216544K [0x00000000eab00000, 0x0000000100000000, 0x0000000100000000)
  eden space 116736K, 100% used [0x00000000eab00000,0x00000000f1d00000,0x00000000f1d00000)
  from space 99840K, 99% used [0x00000000f9e80000,0x00000000ffff8110,0x0000000100000000)
  to   space 116224K, 0% used [0x00000000f1d00000,0x00000000f1d00000,0x00000000f8e80000)
 ParOldGen       total 336896K, used 226299K [0x00000000c0000000, 0x00000000d4900000, 0x00000000eab00000)
  object space 336896K, 67% used [0x00000000c0000000,0x00000000cdcfee60,0x00000000d4900000)
 Metaspace       used 6606K, capacity 7320K, committed 7680K, reserved 1056768K
  class space    used 617K, capacity 656K, committed 768K, reserved 1048576K
Event: 17,135 GC heap after
Heap after GC invocations=23 (full 4):
 PSYoungGen      total 232960K, used 68122K [0x00000000eab00000, 0x0000000100000000, 0x0000000100000000)
  eden space 116736K, 0% used [0x00000000eab00000,0x00000000eab00000,0x00000000f1d00000)
  from space 116224K, 58% used [0x00000000f1d00000,0x00000000f5f86a70,0x00000000f8e80000)
  to   space 116224K, 0% used [0x00000000f8e80000,0x00000000f8e80000,0x0000000100000000)
 ParOldGen       total 336896K, used 276946K [0x00000000c0000000, 0x00000000d4900000, 0x00000000eab00000)
  object space 336896K, 82% used [0x00000000c0000000,0x00000000d0e74ba0,0x00000000d4900000)
 Metaspace       used 6606K, capacity 7320K, committed 7680K, reserved 1056768K
  class space    used 617K, capacity 656K, committed 768K, reserved 1048576K
}
Event: 17,556 GC heap before
{Heap before GC invocations=24 (full 4):
 PSYoungGen      total 232960K, used 184858K [0x00000000eab00000, 0x0000000100000000, 0x0000000100000000)
  eden space 116736K, 100% used [0x00000000eab00000,0x00000000f1d00000,0x00000000f1d00000)
  from space 116224K, 58% used [0x00000000f1d00000,0x00000000f5f86a70,0x00000000f8e80000)
  to   space 116224K, 0% used [0x00000000f8e80000,0x00000000f8e80000,0x0000000100000000)
 ParOldGen       total 336896K, used 276946K [0x00000000c0000000, 0x00000000d4900000, 0x00000000eab00000)
  object space 336896K, 82% used [0x00000000c0000000,0x00000000d0e74ba0,0x00000000d4900000)
 Metaspace       used 6607K, capacity 7320K, committed 7680K, reserved 1056768K
  class space    used 617K, capacity 656K, committed 768K, reserved 1048576K
Event: 17,799 GC heap after
Heap after GC invocations=24 (full 4):
 PSYoungGen      total 231936K, used 35869K [0x00000000eab00000, 0x00000000fff00000, 0x0000000100000000)
  eden space 116736K, 0% used [0x00000000eab00000,0x00000000eab00000,0x00000000f1d00000)
  from space 115200K, 31% used [0x00000000f8e80000,0x00000000fb187750,0x00000000fff00000)
  to   space 115712K, 0% used [0x00000000f1d00000,0x00000000f1d00000,0x00000000f8e00000)
 ParOldGen       total 336896K, used 326604K [0x00000000c0000000, 0x00000000d4900000, 0x00000000eab00000)
  object space 336896K, 96% used [0x00000000c0000000,0x00000000d3ef3148,0x00000000d4900000)
 Metaspace       used 6607K, capacity 7320K, committed 7680K, reserved 1056768K
  class space    used 617K, capacity 656K, committed 768K, reserved 1048576K
}
Event: 17,800 GC heap before
{Heap before GC invocations=25 (full 5):
 PSYoungGen      total 231936K, used 35869K [0x00000000eab00000, 0x00000000fff00000, 0x0000000100000000)
  eden space 116736K, 0% used [0x00000000eab00000,0x00000000eab00000,0x00000000f1d00000)
  from space 115200K, 31% used [0x00000000f8e80000,0x00000000fb187750,0x00000000fff00000)
  to   space 115712K, 0% used [0x00000000f1d00000,0x00000000f1d00000,0x00000000f8e00000)
 ParOldGen       total 336896K, used 326604K [0x00000000c0000000, 0x00000000d4900000, 0x00000000eab00000)
  object space 336896K, 96% used [0x00000000c0000000,0x00000000d3ef3148,0x00000000d4900000)
 Metaspace       used 6607K, capacity 7320K, committed 7680K, reserved 1056768K
  class space    used 617K, capacity 656K, committed 768K, reserved 1048576K

