# JRE version: Java(TM) SE Runtime Environment (8.0_91-b14) (build 1.8.0_91-b14)
# Java VM: Java HotSpot(TM) 64-Bit Server VM (25.91-b14 mixed mode linux-amd64 compressed oops)
Heap:
 PSYoungGen      total 228864K, used 11486K [0x00000000eab00000, 0x00000000ffc00000, 0x0000000100000000)
  eden space 116736K, 0% used [0x00000000eab00000,0x00000000eab00000,0x00000000f1d00000)
  from space 112128K, 10% used [0x00000000f8e80000,0x00000000f99b7a00,0x00000000ffc00000)
  to   space 114176K, 0% used [0x00000000f1d00000,0x00000000f1d00000,0x00000000f8c80000)
 ParOldGen       total 346624K, used 346557K [0x00000000c0000000, 0x00000000d5280000, 0x00000000eab00000)
  object space 346624K, 99% used [0x00000000c0000000,0x00000000d526f648,0x00000000d5280000)
 Metaspace       used 6595K, capacity 7320K, committed 7680K, reserved 1056768K
  class space    used 616K, capacity 656K, committed 768K, reserved 1048576K
GC Heap History (10 events):
Event: 14,996 GC heap after
Heap after GC invocations=20 (full 4):
 PSYoungGen      total 239104K, used 51148K [0x00000000eab00000, 0x0000000100000000, 0x0000000100000000)
  eden space 167936K, 0% used [0x00000000eab00000,0x00000000eab00000,0x00000000f4f00000)
  from space 71168K, 71% used [0x00000000fba80000,0x00000000fec73140,0x0000000100000000)
  to   space 90624K, 0% used [0x00000000f4f00000,0x00000000f4f00000,0x00000000fa780000)
 ParOldGen       total 346624K, used 225140K [0x00000000c0000000, 0x00000000d5280000, 0x00000000eab00000)
  object space 346624K, 64% used [0x00000000c0000000,0x00000000cdbdd360,0x00000000d5280000)
 Metaspace       used 6588K, capacity 7320K, committed 7680K, reserved 1056768K
  class space    used 615K, capacity 656K, committed 768K, reserved 1048576K
}
Event: 15,659 GC heap before
{Heap before GC invocations=21 (full 4):
 PSYoungGen      total 239104K, used 219084K [0x00000000eab00000, 0x0000000100000000, 0x0000000100000000)
  eden space 167936K, 100% used [0x00000000eab00000,0x00000000f4f00000,0x00000000f4f00000)
  from space 71168K, 71% used [0x00000000fba80000,0x00000000fec73140,0x0000000100000000)
  to   space 90624K, 0% used [0x00000000f4f00000,0x00000000f4f00000,0x00000000fa780000)
 ParOldGen       total 346624K, used 225140K [0x00000000c0000000, 0x00000000d5280000, 0x00000000eab00000)
  object space 346624K, 64% used [0x00000000c0000000,0x00000000cdbdd360,0x00000000d5280000)
 Metaspace       used 6593K, capacity 7320K, committed 7680K, reserved 1056768K
  class space    used 615K, capacity 656K, committed 768K, reserved 1048576K
Event: 15,951 GC heap after
Heap after GC invocations=21 (full 4):
 PSYoungGen      total 246272K, used 78259K [0x00000000eab00000, 0x0000000100000000, 0x0000000100000000)
  eden space 167936K, 0% used [0x00000000eab00000,0x00000000eab00000,0x00000000f4f00000)
  from space 78336K, 99% used [0x00000000f4f00000,0x00000000f9b6cf08,0x00000000f9b80000)
  to   space 100864K, 0% used [0x00000000f9d80000,0x00000000f9d80000,0x0000000100000000)
 ParOldGen       total 346624K, used 225148K [0x00000000c0000000, 0x00000000d5280000, 0x00000000eab00000)
  object space 346624K, 64% used [0x00000000c0000000,0x00000000cdbdf360,0x00000000d5280000)
 Metaspace       used 6593K, capacity 7320K, committed 7680K, reserved 1056768K
  class space    used 615K, capacity 656K, committed 768K, reserved 1048576K
}
Event: 16,529 GC heap before
{Heap before GC invocations=22 (full 4):
 PSYoungGen      total 246272K, used 246195K [0x00000000eab00000, 0x0000000100000000, 0x0000000100000000)
  eden space 167936K, 100% used [0x00000000eab00000,0x00000000f4f00000,0x00000000f4f00000)
  from space 78336K, 99% used [0x00000000f4f00000,0x00000000f9b6cf08,0x00000000f9b80000)
  to   space 100864K, 0% used [0x00000000f9d80000,0x00000000f9d80000,0x0000000100000000)
 ParOldGen       total 346624K, used 225148K [0x00000000c0000000, 0x00000000d5280000, 0x00000000eab00000)
  object space 346624K, 64% used [0x00000000c0000000,0x00000000cdbdf360,0x00000000d5280000)
 Metaspace       used 6594K, capacity 7320K, committed 7680K, reserved 1056768K
  class space    used 616K, capacity 656K, committed 768K, reserved 1048576K
Event: 16,704 GC heap after
Heap after GC invocations=22 (full 4):
 PSYoungGen      total 217600K, used 100850K [0x00000000eab00000, 0x0000000100000000, 0x0000000100000000)
  eden space 116736K, 0% used [0x00000000eab00000,0x00000000eab00000,0x00000000f1d00000)
  from space 100864K, 99% used [0x00000000f9d80000,0x00000000ffffcb88,0x0000000100000000)
  to   space 116224K, 0% used [0x00000000f1d00000,0x00000000f1d00000,0x00000000f8e80000)
 ParOldGen       total 346624K, used 225523K [0x00000000c0000000, 0x00000000d5280000, 0x00000000eab00000)
  object space 346624K, 65% used [0x00000000c0000000,0x00000000cdc3cc00,0x00000000d5280000)
 Metaspace       used 6594K, capacity 7320K, committed 7680K, reserved 1056768K
  class space    used 616K, capacity 656K, committed 768K, reserved 1048576K
}
Event: 17,088 GC heap before
{Heap before GC invocations=23 (full 4):
 PSYoungGen      total 217600K, used 217586K [0x00000000eab00000, 0x0000000100000000, 0x0000000100000000)
  eden space 116736K, 100% used [0x00000000eab00000,0x00000000f1d00000,0x00000000f1d00000)
  from space 100864K, 99% used [0x00000000f9d80000,0x00000000ffffcb88,0x0000000100000000)
  to   space 116224K, 0% used [0x00000000f1d00000,0x00000000f1d00000,0x00000000f8e80000)
 ParOldGen       total 346624K, used 225523K [0x00000000c0000000, 0x00000000d5280000, 0x00000000eab00000)
  object space 346624K, 65% used [0x00000000c0000000,0x00000000cdc3cc00,0x00000000d5280000)
 Metaspace       used 6594K, capacity 7320K, committed 7680K, reserved 1056768K
  class space    used 616K, capacity 656K, committed 768K, reserved 1048576K
Event: 17,411 GC heap after
Heap after GC invocations=23 (full 4):
 PSYoungGen      total 232960K, used 68335K [0x00000000eab00000, 0x0000000100000000, 0x0000000100000000)
  eden space 116736K, 0% used [0x00000000eab00000,0x00000000eab00000,0x00000000f1d00000)
  from space 116224K, 58% used [0x00000000f1d00000,0x00000000f5fbbdd8,0x00000000f8e80000)
  to   space 116224K, 0% used [0x00000000f8e80000,0x00000000f8e80000,0x0000000100000000)
 ParOldGen       total 346624K, used 275491K [0x00000000c0000000, 0x00000000d5280000, 0x00000000eab00000)
  object space 346624K, 79% used [0x00000000c0000000,0x00000000d0d08cb8,0x00000000d5280000)
 Metaspace       used 6594K, capacity 7320K, committed 7680K, reserved 1056768K
  class space    used 616K, capacity 656K, committed 768K, reserved 1048576K
}
Event: 17,918 GC heap before
{Heap before GC invocations=24 (full 4):
 PSYoungGen      total 232960K, used 185071K [0x00000000eab00000, 0x0000000100000000, 0x0000000100000000)
  eden space 116736K, 100% used [0x00000000eab00000,0x00000000f1d00000,0x00000000f1d00000)
  from space 116224K, 58% used [0x00000000f1d00000,0x00000000f5fbbdd8,0x00000000f8e80000)
  to   space 116224K, 0% used [0x00000000f8e80000,0x00000000f8e80000,0x0000000100000000)
 ParOldGen       total 346624K, used 275491K [0x00000000c0000000, 0x00000000d5280000, 0x00000000eab00000)
  object space 346624K, 79% used [0x00000000c0000000,0x00000000d0d08cb8,0x00000000d5280000)
 Metaspace       used 6595K, capacity 7320K, committed 7680K, reserved 1056768K
  class space    used 616K, capacity 656K, committed 768K, reserved 1048576K
Event: 18,329 GC heap after
Heap after GC invocations=24 (full 4):
 PSYoungGen      total 228864K, used 35233K [0x00000000eab00000, 0x00000000ffc00000, 0x0000000100000000)
  eden space 116736K, 0% used [0x00000000eab00000,0x00000000eab00000,0x00000000f1d00000)
  from space 112128K, 31% used [0x00000000f8e80000,0x00000000fb0e8600,0x00000000ffc00000)
  to   space 114176K, 0% used [0x00000000f1d00000,0x00000000f1d00000,0x00000000f8c80000)
 ParOldGen       total 346624K, used 325506K [0x00000000c0000000, 0x00000000d5280000, 0x00000000eab00000)
  object space 346624K, 93% used [0x00000000c0000000,0x00000000d3de0820,0x00000000d5280000)
 Metaspace       used 6595K, capacity 7320K, committed 7680K, reserved 1056768K
  class space    used 616K, capacity 656K, committed 768K, reserved 1048576K
}
Event: 18,330 GC heap before
{Heap before GC invocations=25 (full 5):
 PSYoungGen      total 228864K, used 35233K [0x00000000eab00000, 0x00000000ffc00000, 0x0000000100000000)
  eden space 116736K, 0% used [0x00000000eab00000,0x00000000eab00000,0x00000000f1d00000)
  from space 112128K, 31% used [0x00000000f8e80000,0x00000000fb0e8600,0x00000000ffc00000)
  to   space 114176K, 0% used [0x00000000f1d00000,0x00000000f1d00000,0x00000000f8c80000)
 ParOldGen       total 346624K, used 325506K [0x00000000c0000000, 0x00000000d5280000, 0x00000000eab00000)
  object space 346624K, 93% used [0x00000000c0000000,0x00000000d3de0820,0x00000000d5280000)
 Metaspace       used 6595K, capacity 7320K, committed 7680K, reserved 1056768K
  class space    used 616K, capacity 656K, committed 768K, reserved 1048576K

