# JRE version: Java(TM) SE Runtime Environment (8.0_91-b14) (build 1.8.0_91-b14)
# Java VM: Java HotSpot(TM) 64-Bit Server VM (25.91-b14 mixed mode linux-amd64 compressed oops)
Heap:
 PSYoungGen      total 232960K, used 36617K [0x00000000eab00000, 0x0000000100000000, 0x0000000100000000)
  eden space 116736K, 0% used [0x00000000eab00000,0x00000000eab00000,0x00000000f1d00000)
  from space 116224K, 31% used [0x00000000f8e80000,0x00000000fb242440,0x0000000100000000)
  to   space 116224K, 0% used [0x00000000f1d00000,0x00000000f1d00000,0x00000000f8e80000)
 ParOldGen       total 478208K, used 477838K [0x00000000c0000000, 0x00000000dd300000, 0x00000000eab00000)
  object space 478208K, 99% used [0x00000000c0000000,0x00000000dd2a3850,0x00000000dd300000)
 Metaspace       used 6599K, capacity 7320K, committed 7680K, reserved 1056768K
  class space    used 616K, capacity 656K, committed 768K, reserved 1048576K
GC Heap History (10 events):
Event: 27,062 GC heap after
Heap after GC invocations=29 (full 5):
 PSYoungGen      total 227840K, used 66095K [0x00000000eab00000, 0x0000000100000000, 0x0000000100000000)
  eden space 118272K, 0% used [0x00000000eab00000,0x00000000eab00000,0x00000000f1e80000)
  from space 109568K, 60% used [0x00000000f8980000,0x00000000fca0bd28,0x00000000ff480000)
  to   space 109568K, 0% used [0x00000000f1e80000,0x00000000f1e80000,0x00000000f8980000)
 ParOldGen       total 478208K, used 375331K [0x00000000c0000000, 0x00000000dd300000, 0x00000000eab00000)
  object space 478208K, 78% used [0x00000000c0000000,0x00000000d6e88da0,0x00000000dd300000)
 Metaspace       used 6598K, capacity 7320K, committed 7680K, reserved 1056768K
  class space    used 616K, capacity 656K, committed 768K, reserved 1048576K
}
Event: 27,796 GC heap before
{Heap before GC invocations=30 (full 5):
 PSYoungGen      total 227840K, used 184367K [0x00000000eab00000, 0x0000000100000000, 0x0000000100000000)
  eden space 118272K, 100% used [0x00000000eab00000,0x00000000f1e80000,0x00000000f1e80000)
  from space 109568K, 60% used [0x00000000f8980000,0x00000000fca0bd28,0x00000000ff480000)
  to   space 109568K, 0% used [0x00000000f1e80000,0x00000000f1e80000,0x00000000f8980000)
 ParOldGen       total 478208K, used 375331K [0x00000000c0000000, 0x00000000dd300000, 0x00000000eab00000)
  object space 478208K, 78% used [0x00000000c0000000,0x00000000d6e88da0,0x00000000dd300000)
 Metaspace       used 6599K, capacity 7320K, committed 7680K, reserved 1056768K
  class space    used 616K, capacity 656K, committed 768K, reserved 1048576K
Event: 27,984 GC heap after
Heap after GC invocations=30 (full 5):
 PSYoungGen      total 227840K, used 83901K [0x00000000eab00000, 0x0000000100000000, 0x0000000100000000)
  eden space 118272K, 0% used [0x00000000eab00000,0x00000000eab00000,0x00000000f1e80000)
  from space 109568K, 76% used [0x00000000f1e80000,0x00000000f706f588,0x00000000f8980000)
  to   space 116224K, 0% used [0x00000000f8e80000,0x00000000f8e80000,0x0000000100000000)
 ParOldGen       total 478208K, used 375331K [0x00000000c0000000, 0x00000000dd300000, 0x00000000eab00000)
  object space 478208K, 78% used [0x00000000c0000000,0x00000000d6e88da0,0x00000000dd300000)
 Metaspace       used 6599K, capacity 7320K, committed 7680K, reserved 1056768K
  class space    used 616K, capacity 656K, committed 768K, reserved 1048576K
}
Event: 28,625 GC heap before
{Heap before GC invocations=31 (full 5):
 PSYoungGen      total 227840K, used 202173K [0x00000000eab00000, 0x0000000100000000, 0x0000000100000000)
  eden space 118272K, 100% used [0x00000000eab00000,0x00000000f1e80000,0x00000000f1e80000)
  from space 109568K, 76% used [0x00000000f1e80000,0x00000000f706f588,0x00000000f8980000)
  to   space 116224K, 0% used [0x00000000f8e80000,0x00000000f8e80000,0x0000000100000000)
 ParOldGen       total 478208K, used 375331K [0x00000000c0000000, 0x00000000dd300000, 0x00000000eab00000)
  object space 478208K, 78% used [0x00000000c0000000,0x00000000d6e88da0,0x00000000dd300000)
 Metaspace       used 6599K, capacity 7320K, committed 7680K, reserved 1056768K
  class space    used 616K, capacity 656K, committed 768K, reserved 1048576K
Event: 28,846 GC heap after
Heap after GC invocations=31 (full 5):
 PSYoungGen      total 232960K, used 101885K [0x00000000eab00000, 0x0000000100000000, 0x0000000100000000)
  eden space 116736K, 0% used [0x00000000eab00000,0x00000000eab00000,0x00000000f1d00000)
  from space 116224K, 87% used [0x00000000f8e80000,0x00000000ff1ff6a0,0x0000000100000000)
  to   space 116224K, 0% used [0x00000000f1d00000,0x00000000f1d00000,0x00000000f8e80000)
 ParOldGen       total 478208K, used 375331K [0x00000000c0000000, 0x00000000dd300000, 0x00000000eab00000)
  object space 478208K, 78% used [0x00000000c0000000,0x00000000d6e88da0,0x00000000dd300000)
 Metaspace       used 6599K, capacity 7320K, committed 7680K, reserved 1056768K
  class space    used 616K, capacity 656K, committed 768K, reserved 1048576K
}
Event: 29,424 GC heap before
{Heap before GC invocations=32 (full 5):
 PSYoungGen      total 232960K, used 218621K [0x00000000eab00000, 0x0000000100000000, 0x0000000100000000)
  eden space 116736K, 100% used [0x00000000eab00000,0x00000000f1d00000,0x00000000f1d00000)
  from space 116224K, 87% used [0x00000000f8e80000,0x00000000ff1ff6a0,0x0000000100000000)
  to   space 116224K, 0% used [0x00000000f1d00000,0x00000000f1d00000,0x00000000f8e80000)
 ParOldGen       total 478208K, used 375331K [0x00000000c0000000, 0x00000000dd300000, 0x00000000eab00000)
  object space 478208K, 78% used [0x00000000c0000000,0x00000000d6e88da0,0x00000000dd300000)
 Metaspace       used 6599K, capacity 7320K, committed 7680K, reserved 1056768K
  class space    used 616K, capacity 656K, committed 768K, reserved 1048576K
Event: 29,700 GC heap after
Heap after GC invocations=32 (full 5):
 PSYoungGen      total 232960K, used 86955K [0x00000000eab00000, 0x0000000100000000, 0x0000000100000000)
  eden space 116736K, 0% used [0x00000000eab00000,0x00000000eab00000,0x00000000f1d00000)
  from space 116224K, 74% used [0x00000000f1d00000,0x00000000f71eacd8,0x00000000f8e80000)
  to   space 116224K, 0% used [0x00000000f8e80000,0x00000000f8e80000,0x0000000100000000)
 ParOldGen       total 478208K, used 408127K [0x00000000c0000000, 0x00000000dd300000, 0x00000000eab00000)
  object space 478208K, 85% used [0x00000000c0000000,0x00000000d8e8fe68,0x00000000dd300000)
 Metaspace       used 6599K, capacity 7320K, committed 7680K, reserved 1056768K
  class space    used 616K, capacity 656K, committed 768K, reserved 1048576K
}
Event: 30,425 GC heap before
{Heap before GC invocations=33 (full 5):
 PSYoungGen      total 232960K, used 203691K [0x00000000eab00000, 0x0000000100000000, 0x0000000100000000)
  eden space 116736K, 100% used [0x00000000eab00000,0x00000000f1d00000,0x00000000f1d00000)
  from space 116224K, 74% used [0x00000000f1d00000,0x00000000f71eacd8,0x00000000f8e80000)
  to   space 116224K, 0% used [0x00000000f8e80000,0x00000000f8e80000,0x0000000100000000)
 ParOldGen       total 478208K, used 408127K [0x00000000c0000000, 0x00000000dd300000, 0x00000000eab00000)
  object space 478208K, 85% used [0x00000000c0000000,0x00000000d8e8fe68,0x00000000dd300000)
 Metaspace       used 6599K, capacity 7320K, committed 7680K, reserved 1056768K
  class space    used 616K, capacity 656K, committed 768K, reserved 1048576K
Event: 30,761 GC heap after
Heap after GC invocations=33 (full 5):
 PSYoungGen      total 232960K, used 75214K [0x00000000eab00000, 0x0000000100000000, 0x0000000100000000)
  eden space 116736K, 0% used [0x00000000eab00000,0x00000000eab00000,0x00000000f1d00000)
  from space 116224K, 64% used [0x00000000f8e80000,0x00000000fd7f3b20,0x0000000100000000)
  to   space 116224K, 0% used [0x00000000f1d00000,0x00000000f1d00000,0x00000000f8e80000)
 ParOldGen       total 478208K, used 441082K [0x00000000c0000000, 0x00000000dd300000, 0x00000000eab00000)
  object space 478208K, 92% used [0x00000000c0000000,0x00000000daebe810,0x00000000dd300000)
 Metaspace       used 6599K, capacity 7320K, committed 7680K, reserved 1056768K
  class space    used 616K, capacity 656K, committed 768K, reserved 1048576K
}
Event: 30,762 GC heap before
{Heap before GC invocations=34 (full 6):
 PSYoungGen      total 232960K, used 75214K [0x00000000eab00000, 0x0000000100000000, 0x0000000100000000)
  eden space 116736K, 0% used [0x00000000eab00000,0x00000000eab00000,0x00000000f1d00000)
  from space 116224K, 64% used [0x00000000f8e80000,0x00000000fd7f3b20,0x0000000100000000)
  to   space 116224K, 0% used [0x00000000f1d00000,0x00000000f1d00000,0x00000000f8e80000)
 ParOldGen       total 478208K, used 441082K [0x00000000c0000000, 0x00000000dd300000, 0x00000000eab00000)
  object space 478208K, 92% used [0x00000000c0000000,0x00000000daebe810,0x00000000dd300000)
 Metaspace       used 6599K, capacity 7320K, committed 7680K, reserved 1056768K
  class space    used 616K, capacity 656K, committed 768K, reserved 1048576K

